<?xml version="1.0" encoding="UTF-8"?>
<testng-results ignored="0" total="1" passed="1" failed="0" skipped="0">
  <reporter-output>
  </reporter-output>
  <suite started-at="2022-11-08T09:45:52 IST" name="Default suite" finished-at="2022-11-08T09:46:13 IST" duration-ms="21277">
    <groups>
    </groups>
    <test started-at="2022-11-08T09:45:52 IST" name="Default test" finished-at="2022-11-08T09:46:13 IST" duration-ms="21277">
      <class name="AutomationSeleniumFrameworkDesign.tests.SubmitOrderTest">
        <test-method is-config="true" signature="launchApplication()[pri:0, instance:AutomationSeleniumFrameworkDesign.tests.SubmitOrderTest@5a45133e]" started-at="2022-11-08T09:45:52 IST" name="launchApplication" finished-at="2022-11-08T09:46:04 IST" duration-ms="12230" status="PASS">
          <reporter-output>
          </reporter-output>
        </test-method> <!-- launchApplication -->
        <test-method signature="submitOrder()[pri:0, instance:AutomationSeleniumFrameworkDesign.tests.SubmitOrderTest@5a45133e]" started-at="2022-11-08T09:46:04 IST" name="submitOrder" finished-at="2022-11-08T09:46:13 IST" duration-ms="8800" status="PASS">
          <reporter-output>
          </reporter-output>
        </test-method> <!-- submitOrder -->
        <test-method is-config="true" signature="tearDown()[pri:0, instance:AutomationSeleniumFrameworkDesign.tests.SubmitOrderTest@5a45133e]" started-at="2022-11-08T09:46:13 IST" name="tearDown" finished-at="2022-11-08T09:46:13 IST" duration-ms="193" status="PASS">
          <reporter-output>
          </reporter-output>
        </test-method> <!-- tearDown -->
      </class> <!-- AutomationSeleniumFrameworkDesign.tests.SubmitOrderTest -->
    </test> <!-- Default test -->
  </suite> <!-- Default suite -->
</testng-results>
